# JRE version: Java(TM) SE Runtime Environment (8.0_171-b11) (build 1.8.0_171-b11)
# Java VM: Java HotSpot(TM) 64-Bit Server VM (25.171-b11 mixed mode linux-amd64 compressed oops)
Heap:
 PSYoungGen      total 53248K, used 37885K [0x00000000e1600000, 0x00000000e5400000, 0x0000000100000000)
  eden space 44544K, 83% used [0x00000000e1600000,0x00000000e3a7b3a8,0x00000000e4180000)
  from space 8704K, 6% used [0x00000000e4a80000,0x00000000e4b042f0,0x00000000e5300000)
  to   space 9216K, 0% used [0x00000000e4180000,0x00000000e4180000,0x00000000e4a80000)
 ParOldGen       total 39424K, used 10999K [0x00000000a4200000, 0x00000000a6880000, 0x00000000e1600000)
  object space 39424K, 27% used [0x00000000a4200000,0x00000000a4cbde80,0x00000000a6880000)
 Metaspace       used 35636K, capacity 36140K, committed 36264K, reserved 1081344K
  class space    used 4178K, capacity 4319K, committed 4352K, reserved 1048576K
GC Heap History (10 events):
Event: 461,918 GC heap before
{Heap before GC invocations=6 (full 1):
 PSYoungGen      total 27648K, used 27639K [0x00000000e1600000, 0x00000000e3480000, 0x0000000100000000)
  eden space 24064K, 100% used [0x00000000e1600000,0x00000000e2d80000,0x00000000e2d80000)
  from space 3584K, 99% used [0x00000000e3100000,0x00000000e347dee0,0x00000000e3480000)
  to   space 3584K, 0% used [0x00000000e2d80000,0x00000000e2d80000,0x00000000e3100000)
 ParOldGen       total 33792K, used 6574K [0x00000000a4200000, 0x00000000a6300000, 0x00000000e1600000)
  object space 33792K, 19% used [0x00000000a4200000,0x00000000a486ba48,0x00000000a6300000)
 Metaspace       used 31020K, capacity 31384K, committed 31616K, reserved 1077248K
  class space    used 3831K, capacity 3947K, committed 3968K, reserved 1048576K
Event: 461,928 GC heap after
Heap after GC invocations=6 (full 1):
 PSYoungGen      total 27136K, used 3568K [0x00000000e1600000, 0x00000000e3c00000, 0x0000000100000000)
  eden space 23552K, 0% used [0x00000000e1600000,0x00000000e1600000,0x00000000e2d00000)
  from space 3584K, 99% used [0x00000000e2d80000,0x00000000e30fc030,0x00000000e3100000)
  to   space 7680K, 0% used [0x00000000e3480000,0x00000000e3480000,0x00000000e3c00000)
 ParOldGen       total 33792K, used 9221K [0x00000000a4200000, 0x00000000a6300000, 0x00000000e1600000)
  object space 33792K, 27% used [0x00000000a4200000,0x00000000a4b01490,0x00000000a6300000)
 Metaspace       used 31020K, capacity 31384K, committed 31616K, reserved 1077248K
  class space    used 3831K, capacity 3947K, committed 3968K, reserved 1048576K
}
Event: 462,349 GC heap before
{Heap before GC invocations=7 (full 1):
 PSYoungGen      total 27136K, used 27120K [0x00000000e1600000, 0x00000000e3c00000, 0x0000000100000000)
  eden space 23552K, 100% used [0x00000000e1600000,0x00000000e2d00000,0x00000000e2d00000)
  from space 3584K, 99% used [0x00000000e2d80000,0x00000000e30fc030,0x00000000e3100000)
  to   space 7680K, 0% used [0x00000000e3480000,0x00000000e3480000,0x00000000e3c00000)
 ParOldGen       total 33792K, used 9221K [0x00000000a4200000, 0x00000000a6300000, 0x00000000e1600000)
  object space 33792K, 27% used [0x00000000a4200000,0x00000000a4b01490,0x00000000a6300000)
 Metaspace       used 34568K, capacity 35006K, committed 35328K, reserved 1081344K
  class space    used 4106K, capacity 4236K, committed 4352K, reserved 1048576K
Event: 462,357 GC heap after
Heap after GC invocations=7 (full 1):
 PSYoungGen      total 30208K, used 7478K [0x00000000e1600000, 0x00000000e3d80000, 0x0000000100000000)
  eden space 22528K, 0% used [0x00000000e1600000,0x00000000e1600000,0x00000000e2c00000)
  from space 7680K, 97% used [0x00000000e3480000,0x00000000e3bcd888,0x00000000e3c00000)
  to   space 8704K, 0% used [0x00000000e2c00000,0x00000000e2c00000,0x00000000e3480000)
 ParOldGen       total 33792K, used 9221K [0x00000000a4200000, 0x00000000a6300000, 0x00000000e1600000)
  object space 33792K, 27% used [0x00000000a4200000,0x00000000a4b01490,0x00000000a6300000)
 Metaspace       used 34568K, capacity 35006K, committed 35328K, reserved 1081344K
  class space    used 4106K, capacity 4236K, committed 4352K, reserved 1048576K
}
Event: 462,413 GC heap before
{Heap before GC invocations=8 (full 1):
 PSYoungGen      total 30208K, used 8913K [0x00000000e1600000, 0x00000000e3d80000, 0x0000000100000000)
  eden space 22528K, 6% used [0x00000000e1600000,0x00000000e1766ce0,0x00000000e2c00000)
  from space 7680K, 97% used [0x00000000e3480000,0x00000000e3bcd888,0x00000000e3c00000)
  to   space 8704K, 0% used [0x00000000e2c00000,0x00000000e2c00000,0x00000000e3480000)
 ParOldGen       total 33792K, used 9221K [0x00000000a4200000, 0x00000000a6300000, 0x00000000e1600000)
  object space 33792K, 27% used [0x00000000a4200000,0x00000000a4b01490,0x00000000a6300000)
 Metaspace       used 34845K, capacity 35236K, committed 35496K, reserved 1081344K
  class space    used 4123K, capacity 4269K, committed 4352K, reserved 1048576K
Event: 462,419 GC heap after
Heap after GC invocations=8 (full 1):
 PSYoungGen      total 31232K, used 4342K [0x00000000e1600000, 0x00000000e5300000, 0x0000000100000000)
  eden space 22528K, 0% used [0x00000000e1600000,0x00000000e1600000,0x00000000e2c00000)
  from space 8704K, 49% used [0x00000000e2c00000,0x00000000e303d988,0x00000000e3480000)
  to   space 8704K, 0% used [0x00000000e4a80000,0x00000000e4a80000,0x00000000e5300000)
 ParOldGen       total 33792K, used 9229K [0x00000000a4200000, 0x00000000a6300000, 0x00000000e1600000)
  object space 33792K, 27% used [0x00000000a4200000,0x00000000a4b03490,0x00000000a6300000)
 Metaspace       used 34845K, capacity 35236K, committed 35496K, reserved 1081344K
  class space    used 4123K, capacity 4269K, committed 4352K, reserved 1048576K
}
Event: 462,419 GC heap before
{Heap before GC invocations=9 (full 2):
 PSYoungGen      total 31232K, used 4342K [0x00000000e1600000, 0x00000000e5300000, 0x0000000100000000)
  eden space 22528K, 0% used [0x00000000e1600000,0x00000000e1600000,0x00000000e2c00000)
  from space 8704K, 49% used [0x00000000e2c00000,0x00000000e303d988,0x00000000e3480000)
  to   space 8704K, 0% used [0x00000000e4a80000,0x00000000e4a80000,0x00000000e5300000)
 ParOldGen       total 33792K, used 9229K [0x00000000a4200000, 0x00000000a6300000, 0x00000000e1600000)
  object space 33792K, 27% used [0x00000000a4200000,0x00000000a4b03490,0x00000000a6300000)
 Metaspace       used 34845K, capacity 35236K, committed 35496K, reserved 1081344K
  class space    used 4123K, capacity 4269K, committed 4352K, reserved 1048576K
Event: 462,474 GC heap after
Heap after GC invocations=9 (full 2):
 PSYoungGen      total 31232K, used 0K [0x00000000e1600000, 0x00000000e5300000, 0x0000000100000000)
  eden space 22528K, 0% used [0x00000000e1600000,0x00000000e1600000,0x00000000e2c00000)
  from space 8704K, 0% used [0x00000000e2c00000,0x00000000e2c00000,0x00000000e3480000)
  to   space 8704K, 0% used [0x00000000e4a80000,0x00000000e4a80000,0x00000000e5300000)
 ParOldGen       total 39424K, used 10991K [0x00000000a4200000, 0x00000000a6880000, 0x00000000e1600000)
  object space 39424K, 27% used [0x00000000a4200000,0x00000000a4cbbe80,0x00000000a6880000)
 Metaspace       used 34845K, capacity 35236K, committed 35496K, reserved 1081344K
  class space    used 4123K, capacity 4269K, committed 4352K, reserved 1048576K
}
Event: 462,874 GC heap before
{Heap before GC invocations=10 (full 2):
 PSYoungGen      total 31232K, used 22528K [0x00000000e1600000, 0x00000000e5300000, 0x0000000100000000)
  eden space 22528K, 100% used [0x00000000e1600000,0x00000000e2c00000,0x00000000e2c00000)
  from space 8704K, 0% used [0x00000000e2c00000,0x00000000e2c00000,0x00000000e3480000)
  to   space 8704K, 0% used [0x00000000e4a80000,0x00000000e4a80000,0x00000000e5300000)
 ParOldGen       total 39424K, used 10991K [0x00000000a4200000, 0x00000000a6880000, 0x00000000e1600000)
  object space 39424K, 27% used [0x00000000a4200000,0x00000000a4cbbe80,0x00000000a6880000)
 Metaspace       used 35238K, capacity 35646K, committed 36008K, reserved 1081344K
  class space    used 4162K, capacity 4311K, committed 4352K, reserved 1048576K
Event: 462,876 GC heap after
Heap after GC invocations=10 (full 2):
 PSYoungGen      total 53248K, used 528K [0x00000000e1600000, 0x00000000e5400000, 0x0000000100000000)
  eden space 44544K, 0% used [0x00000000e1600000,0x00000000e1600000,0x00000000e4180000)
  from space 8704K, 6% used [0x00000000e4a80000,0x00000000e4b042f0,0x00000000e5300000)
  to   space 9216K, 0% used [0x00000000e4180000,0x00000000e4180000,0x00000000e4a80000)
 ParOldGen       total 39424K, used 10999K [0x00000000a4200000, 0x00000000a6880000, 0x00000000e1600000)
  object space 39424K, 27% used [0x00000000a4200000,0x00000000a4cbde80,0x00000000a6880000)
 Metaspace       used 35238K, capacity 35646K, committed 36008K, reserved 1081344K
  class space    used 4162K, capacity 4311K, committed 4352K, reserved 1048576K
}

